<?xml version="1.0" encoding="UTF-8"?>
<!-- Generated by org.testng.reporters.JUnitReportReporter -->
<testsuite skipped="0" hostname="dinesh" name="Work_area.Case_area" tests="1" failures="0" timestamp="10 Mar 2018 10:31:52 GMT" time="32.344" errors="0">
  <testcase name="f" time="32.344" classname="Work_area.Case_area"/>
</testsuite> <!-- Work_area.Case_area -->
