<?xml version="1.0" encoding="UTF-8"?>
<!-- Generated by org.testng.reporters.JUnitReportReporter -->
<testsuite skipped="0" hostname="dinesh" name="Work_area.Case_area" tests="1" failures="0" timestamp="14 Mar 2018 05:18:43 GMT" time="32.479" errors="0">
  <testcase name="f" time="32.479" classname="Work_area.Case_area"/>
</testsuite> <!-- Work_area.Case_area -->
