<?xml version="1.0" encoding="UTF-8"?>
<!-- Generated by org.testng.reporters.JUnitReportReporter -->
<testsuite skipped="0" hostname="localhost.localdomain" name="cmswizard.NewTest" tests="5" failures="0" timestamp="22 Dec 2017 09:38:13 GMT" time="71.323" errors="0">
  <testcase name="beforeClass" time="7.630" classname="cmswizard.NewTest"/>
  <testcase name="awards" time="20.130" classname="cmswizard.NewTest"/>
  <testcase name="Events" time="16.020" classname="cmswizard.NewTest"/>
  <testcase name="Management" time="16.837" classname="cmswizard.NewTest"/>
  <testcase name="Teams" time="10.706" classname="cmswizard.NewTest"/>
</testsuite> <!-- cmswizard.NewTest -->
