<?xml version="1.0" encoding="UTF-8"?>
<!-- Generated by org.testng.reporters.JUnitReportReporter -->
<testsuite skipped="0" hostname="dinesh" name="pom.SignUpFormTest" tests="1" failures="0" timestamp="24 Mar 2018 09:51:32 GMT" time="2.100" errors="0">
  <testcase name="signUp" time="2.100" classname="pom.SignUpFormTest"/>
</testsuite> <!-- pom.SignUpFormTest -->
