<?xml version="1.0" encoding="UTF-8"?>
<!-- Generated by org.testng.reporters.JUnitReportReporter -->
<testsuite skipped="0" hostname="dinesh" name="pom.SignUpFormTest" tests="1" failures="0" timestamp="10 Mar 2018 10:25:57 GMT" time="1.893" errors="0">
  <testcase name="signUp" time="1.893" classname="pom.SignUpFormTest"/>
</testsuite> <!-- pom.SignUpFormTest -->
