<?xml version="1.0" encoding="UTF-8"?>
<!-- Generated by org.testng.reporters.JUnitReportReporter -->
<testsuite skipped="0" hostname="dinesh" name="JoinNow" tests="1" failures="0" timestamp="05 Mar 2018 04:58:41 GMT" time="23.957" errors="0">
  <testcase name="openBrower" time="23.957" classname="JoinNow"/>
</testsuite> <!-- JoinNow -->
