<?xml version="1.0" encoding="UTF-8"?>
<!-- Generated by org.testng.reporters.JUnitReportReporter -->
<testsuite skipped="1" hostname="dinesh" name="test.NoPOMTest99GuruLogin" tests="1" failures="0" timestamp="10 Mar 2018 06:36:52 GMT" time="0.000" errors="0">
  <testcase name="test_Home_Page_Appear_Correct" time="0.000" classname="test.NoPOMTest99GuruLogin">
    <skipped/>
  </testcase> <!-- test_Home_Page_Appear_Correct -->
</testsuite> <!-- test.NoPOMTest99GuruLogin -->
