<?xml version="1.0" encoding="UTF-8"?>
<!-- Generated by org.testng.reporters.JUnitReportReporter -->
<testsuite skipped="0" hostname="dinesh" name="test.Test99GuruLogin" tests="1" failures="0" timestamp="10 Mar 2018 04:56:11 GMT" time="2.148" errors="0">
  <testcase name="test_Home_Page_Appear_Correct" time="2.148" classname="test.Test99GuruLogin"/>
</testsuite> <!-- test.Test99GuruLogin -->
