<?xml version="1.0" encoding="UTF-8"?>
<!-- Generated by org.testng.reporters.JUnitReportReporter -->
<testsuite skipped="0" hostname="dinesh" name="sql.SQL" tests="7" failures="0" timestamp="21 Mar 2018 07:23:09 GMT" time="0.011" errors="0">
  <testcase name="testConnectMsSQL" time="0.001" classname="sql.SQL"/>
  <testcase name="testConnectOracle" time="0.002" classname="sql.SQL"/>
  <testcase name="runFinal" time="0.001" classname="sql.SQL"/>
  <testcase name="runSelenium" time="0.003" classname="sql.SQL"/>
  <testcase name="runSelenium" time="0.002" classname="sql.SQL"/>
  <testcase name="runSelenium1" time="0.001" classname="sql.SQL"/>
  <testcase name="runSelenium1" time="0.001" classname="sql.SQL"/>
</testsuite> <!-- sql.SQL -->
