<?xml version="1.0" encoding="UTF-8"?>
<!-- Generated by org.testng.reporters.JUnitReportReporter -->
<testsuite skipped="0" hostname="dinesh" name="sql.TestSelenium" tests="4" failures="0" timestamp="21 Mar 2018 07:23:09 GMT" time="0.013" errors="0">
  <testcase name="runSelenium1" time="0.002" classname="sql.TestSelenium"/>
  <testcase name="runSelenium" time="0.009" classname="sql.TestSelenium"/>
  <testcase name="runSelenium1" time="0.001" classname="sql.TestSelenium"/>
  <testcase name="runSelenium" time="0.001" classname="sql.TestSelenium"/>
</testsuite> <!-- sql.TestSelenium -->
