<?xml version="1.0" encoding="UTF-8"?>
<!-- Generated by org.testng.reporters.JUnitReportReporter -->
<testsuite skipped="0" hostname="localhost.localdomain" name="rest.SimpleGetTest" tests="1" failures="0" timestamp="23 Nov 2017 08:42:53 GMT" time="6.744" errors="0">
  <testcase name="GetWeatherDetails" time="6.744" classname="rest.SimpleGetTest"/>
</testsuite> <!-- rest.SimpleGetTest -->
