<?xml version="1.0" encoding="UTF-8"?>
<!-- Generated by org.testng.reporters.JUnitReportReporter -->
<testsuite skipped="0" hostname="localhost.localdomain" name="rest.Rest" tests="1" failures="0" timestamp="11 Dec 2017 08:13:18 GMT" time="3.046" errors="0">
  <testcase name="DisplayAllNodesInWeatherAPI" time="3.046" classname="rest.Rest"/>
</testsuite> <!-- rest.Rest -->
