<?xml version="1.0" encoding="UTF-8"?>
<!-- Generated by org.testng.reporters.JUnitReportReporter -->
<testsuite skipped="0" hostname="nanda" name="Work_area.Case_area" tests="1" failures="0" timestamp="08 Mar 2018 05:46:21 GMT" time="20.280" errors="0">
  <testcase name="f" time="20.280" classname="Work_area.Case_area"/>
</testsuite> <!-- Work_area.Case_area -->
