<?xml version="1.0" encoding="UTF-8"?>
<!-- Generated by org.testng.reporters.JUnitReportReporter -->
<testsuite skipped="0" hostname="localhost.localdomain" name="userManagement.UserMangement" tests="2" failures="0" timestamp="08 Dec 2017 05:31:38 GMT" time="15.179" errors="0">
  <testcase name="openBrower" time="12.866" classname="userManagement.UserMangement"/>
  <testcase name="login" time="2.313" classname="userManagement.UserMangement"/>
</testsuite> <!-- userManagement.UserMangement -->
