<?xml version="1.0" encoding="UTF-8"?>
<!-- Generated by org.testng.reporters.JUnitReportReporter -->
<testsuite skipped="0" hostname="localhost.localdomain" name="userManagement.SingupOne" tests="3" failures="0" timestamp="07 Dec 2017 11:37:30 GMT" time="40.341" errors="0">
  <testcase name="alert" time="11.074" classname="userManagement.SingupOne"/>
  <testcase name="user2" time="14.404" classname="userManagement.SingupOne"/>
  <testcase name="user2" time="14.863" classname="userManagement.SingupOne"/>
</testsuite> <!-- userManagement.SingupOne -->
