<?xml version="1.0" encoding="UTF-8"?>
<!-- Generated by org.testng.reporters.JUnitReportReporter -->
<testsuite skipped="0" hostname="localhost.localdomain" name="com.test.TestA" tests="1" failures="0" timestamp="28 Dec 2017 11:16:56 GMT" time="1.084" errors="0">
  <testcase name="testGooglePageTitleInFirefox" time="1.084" classname="com.test.TestA"/>
</testsuite> <!-- com.test.TestA -->
